/*C17*/SET SCHEMA PUBLIC
\u000a    alter table daily_job_log \u000a        drop constraint FK_dp3mp9e37psf19fxlt4uixfo
\u000a    alter table daily_job_log \u000a        drop constraint FK_bshypo7wxk7sem5f7hw7hk2gj
\u000a    alter table event_queue \u000a        drop constraint FK_9i67w6a2buxhu34q484d3bnwh
\u000a    alter table host \u000a        drop constraint FK_sbs2fwvopc5nx6dbfiqv3xtxp
\u000a    alter table immediately_job_log \u000a        drop constraint FK_2eyw631hn4gxf2kcg715191pa
\u000a    alter table immediately_job_log \u000a        drop constraint FK_1xduv98r3kl8sotehpungyhb2
\u000a    alter table immigrant_relative \u000a        drop constraint FK_oh19ar12ijj28r8othkjk8qo8
\u000a    alter table immigrant_relative \u000a        drop constraint FK_rl8u7mmsf6grn5c3gv21rcsa
\u000a    alter table journal \u000a        drop constraint FK_8yg6hsabxw2lgqjkbkij55qqx
\u000a    alter table journal \u000a        drop constraint FK_c7picib39dl7kxro2349cnpn9
\u000a    alter table match \u000a        drop constraint FK_7dylqcm7gmeqc5ghichr8vhp2
\u000a    alter table match \u000a        drop constraint FK_f52d3g36br692r1yux9cosyii
\u000a    alter table money \u000a        drop constraint FK_4ilhm6dsjsj4c0uafetc9ovy1
\u000a    alter table publisher \u000a        drop constraint FK_ml1xc0aovqkkm2p1lssgjkfas
\u000a    alter table skill_level \u000a        drop constraint FK_24j1lmg3dxhum14ec6puigqgv
\u000a    alter table skill_level \u000a        drop constraint FK_h1nmqnit55qgt8k3mnl4dxnge
\u000a    alter table skill_level \u000a        drop constraint FK_22sphdk6sappuorkgbtn4m7hq
\u000a    alter table subscription \u000a        drop constraint FK_5n1jngces3c64v9dapehv1mae
\u000a    alter table subscription \u000a        drop constraint FK_tq3cq3gmsss8jjyb2l5sb1o6k
\u000a    drop table category if exists
\u000a    drop table daily_job_log if exists
\u000a    drop table event_queue if exists
\u000a    drop table generous if exists
\u000a    drop table host if exists
\u000a    drop table immediately_job_log if exists
\u000a    drop table immigrant if exists
\u000a    drop table immigrant_relative if exists
\u000a    drop table journal if exists
\u000a    drop table match if exists
\u000a    drop table money if exists
\u000a    drop table publisher if exists
\u000a    drop table skill if exists
\u000a    drop table skill_level if exists
\u000a    drop table subscription if exists
\u000a    drop table user if exists
\u000a    create table category (\u000a        id bigint generated by default as identity (start with 1),\u000a        name varchar(255) not null,\u000a        primary key (id)\u000a    )
\u000a    create table daily_job_log (\u000a        id bigint generated by default as identity (start with 1),\u000a        event_id bigint not null,\u000a        user_id bigint not null,\u000a        primary key (id)\u000a    )
\u000a    create table event_queue (\u000a        id bigint generated by default as identity (start with 1),\u000a        day_turn varchar(255),\u000a        event_type varchar(255) not null,\u000a        status varchar(255) not null,\u000a        journal_id bigint,\u000a        primary key (id)\u000a    )
\u000a    create table generous (\u000a        id bigint generated by default as identity (start with 1),\u000a        name varchar(255) not null,\u000a        surname varchar(255) not null,\u000a        primary key (id)\u000a    )
\u000a    create table host (\u000a        id bigint generated by default as identity (start with 1),\u000a        location varchar(255) not null,\u000a        generous_id bigint not null,\u000a        primary key (id)\u000a    )
\u000a    create table immediately_job_log (\u000a        id bigint generated by default as identity (start with 1),\u000a        event_id bigint not null,\u000a        user_id bigint not null,\u000a        primary key (id)\u000a    )
\u000a    create table immigrant (\u000a        id bigint generated by default as identity (start with 1),\u000a        age integer not null,\u000a        name varchar(255) not null,\u000a        surname varchar(255) not null,\u000a        primary key (id)\u000a    )
\u000a    create table immigrant_relative (\u000a        id bigint generated by default as identity (start with 1),\u000a        event_type varchar(255) not null,\u000a        immigrant1_id bigint not null,\u000a        immigrant2_id bigint not null,\u000a        primary key (id)\u000a    )
\u000a    create table journal (\u000a        id bigint generated by default as identity (start with 1),\u000a        is_in_queue boolean,\u000a        name varchar(255) not null,\u000a        publish_date timestamp not null,\u000a        uuid varchar(255) not null,\u000a        category_id bigint not null,\u000a        publisher_id bigint not null,\u000a        primary key (id)\u000a    )
\u000a    create table match (\u000a        id bigint generated by default as identity (start with 1),\u000a        host_id bigint not null,\u000a        immigrant_id bigint not null,\u000a        primary key (id)\u000a    )
\u000a    create table money (\u000a        id bigint generated by default as identity (start with 1),\u000a        amount double not null,\u000a        generous_id bigint not null,\u000a        primary key (id)\u000a    )
\u000a    create table publisher (\u000a        id bigint generated by default as identity (start with 1),\u000a        name varchar(255) not null,\u000a        user_id bigint not null,\u000a        primary key (id)\u000a    )
\u000a    create table skill (\u000a        id bigint generated by default as identity (start with 1),\u000a        name varchar(255) not null,\u000a        primary key (id)\u000a    )
\u000a    create table skill_level (\u000a        id bigint generated by default as identity (start with 1),\u000a        level integer not null,\u000a        host_id bigint not null,\u000a        immigrant_id bigint not null,\u000a        skill_id bigint not null,\u000a        primary key (id)\u000a    )
\u000a    create table subscription (\u000a        id bigint generated by default as identity (start with 1),\u000a        date timestamp not null,\u000a        category_id bigint not null,\u000a        user_id bigint not null,\u000a        primary key (id)\u000a    )
\u000a    create table user (\u000a        id bigint generated by default as identity (start with 1),\u000a        enabled boolean not null,\u000a        login_name varchar(255) not null,\u000a        mail_address varchar(255),\u000a        pwd varchar(255) not null,\u000a        role varchar(255) not null,\u000a        primary key (id)\u000a    )
\u000a    alter table publisher \u000a        add constraint UK_ml1xc0aovqkkm2p1lssgjkfas unique (user_id)
\u000a    alter table daily_job_log \u000a        add constraint FK_dp3mp9e37psf19fxlt4uixfo \u000a        foreign key (event_id) \u000a        references event_queue
\u000a    alter table daily_job_log \u000a        add constraint FK_bshypo7wxk7sem5f7hw7hk2gj \u000a        foreign key (user_id) \u000a        references user
\u000a    alter table event_queue \u000a        add constraint FK_9i67w6a2buxhu34q484d3bnwh \u000a        foreign key (journal_id) \u000a        references journal
\u000a    alter table host \u000a        add constraint FK_sbs2fwvopc5nx6dbfiqv3xtxp \u000a        foreign key (generous_id) \u000a        references generous
\u000a    alter table immediately_job_log \u000a        add constraint FK_2eyw631hn4gxf2kcg715191pa \u000a        foreign key (event_id) \u000a        references event_queue
\u000a    alter table immediately_job_log \u000a        add constraint FK_1xduv98r3kl8sotehpungyhb2 \u000a        foreign key (user_id) \u000a        references user
\u000a    alter table immigrant_relative \u000a        add constraint FK_oh19ar12ijj28r8othkjk8qo8 \u000a        foreign key (immigrant1_id) \u000a        references immigrant
\u000a    alter table immigrant_relative \u000a        add constraint FK_rl8u7mmsf6grn5c3gv21rcsa \u000a        foreign key (immigrant2_id) \u000a        references immigrant
\u000a    alter table journal \u000a        add constraint FK_8yg6hsabxw2lgqjkbkij55qqx \u000a        foreign key (category_id) \u000a        references category
\u000a    alter table journal \u000a        add constraint FK_c7picib39dl7kxro2349cnpn9 \u000a        foreign key (publisher_id) \u000a        references publisher
\u000a    alter table match \u000a        add constraint FK_7dylqcm7gmeqc5ghichr8vhp2 \u000a        foreign key (host_id) \u000a        references host
\u000a    alter table match \u000a        add constraint FK_f52d3g36br692r1yux9cosyii \u000a        foreign key (immigrant_id) \u000a        references immigrant
\u000a    alter table money \u000a        add constraint FK_4ilhm6dsjsj4c0uafetc9ovy1 \u000a        foreign key (generous_id) \u000a        references generous
\u000a    alter table publisher \u000a        add constraint FK_ml1xc0aovqkkm2p1lssgjkfas \u000a        foreign key (user_id) \u000a        references user
\u000a    alter table skill_level \u000a        add constraint FK_24j1lmg3dxhum14ec6puigqgv \u000a        foreign key (host_id) \u000a        references host
\u000a    alter table skill_level \u000a        add constraint FK_h1nmqnit55qgt8k3mnl4dxnge \u000a        foreign key (immigrant_id) \u000a        references immigrant
\u000a    alter table skill_level \u000a        add constraint FK_22sphdk6sappuorkgbtn4m7hq \u000a        foreign key (skill_id) \u000a        references skill
\u000a    alter table subscription \u000a        add constraint FK_5n1jngces3c64v9dapehv1mae \u000a        foreign key (category_id) \u000a        references category
\u000a    alter table subscription \u000a        add constraint FK_tq3cq3gmsss8jjyb2l5sb1o6k \u000a        foreign key (user_id) \u000a        references user
INSERT INTO USER VALUES(1,TRUE,'publisher1',NULL,'$2a$10$RC1.YFSL8o2vCIg6kB3fjuBB639BdjY6AD8rIw9oyWJLws/1Q6Lku','PUBLISHER')
COMMIT
INSERT INTO USER VALUES(2,TRUE,'publisher2',NULL,'$2a$10$MUahUza86ErCxtsgpmMBDeR5VtoGHioRdl03/jQmkM/sk6L.Eg28e','PUBLISHER')
COMMIT
INSERT INTO USER VALUES(3,TRUE,'user1',NULL,'$2a$10$WcgRF8VQ8DKt4h4Hz9pWv.6MXnIRmcPr0j9jqsseprsBwTD4w8WSm','USER')
COMMIT
INSERT INTO USER VALUES(4,TRUE,'user2',NULL,'$2a$10$Q5bxyPXhHXFc1fRUMCRWR.GbgsXx9aGZdoEoEAz2JFEfckdyUKfOi','USER')
COMMIT
INSERT INTO PUBLISHER VALUES(1,'Test Publisher1 ',1)
COMMIT
INSERT INTO PUBLISHER VALUES(2,'Test Publisher 2',2)
COMMIT
INSERT INTO CATEGORY VALUES(1,'immunology')
COMMIT
INSERT INTO CATEGORY VALUES(2,'pathology')
COMMIT
INSERT INTO CATEGORY VALUES(3,'endocrinology')
COMMIT
INSERT INTO CATEGORY VALUES(4,'microbiology')
COMMIT
INSERT INTO CATEGORY VALUES(5,'neurology')
COMMIT
INSERT INTO JOURNAL VALUES(1,FALSE,'Medicine','2016-12-14 08:54:29.556000','8305d848-88d2-4cbd-a33b-5c3dcc548056',3,1)
COMMIT
INSERT INTO JOURNAL VALUES(2,FALSE,'Test Journal','2016-12-14 08:54:29.556000','09628d25-ea42-490e-965d-cd4ffb6d4e9d',4,1)
COMMIT
INSERT INTO JOURNAL VALUES(3,FALSE,'Health','2016-12-14 08:54:29.556000','75f29692-237b-4116-95ed-645de5c57b4d',5,2)
COMMIT
INSERT INTO SUBSCRIPTION VALUES(1,'2016-12-14 08:54:29.556000',3,3)
COMMIT
INSERT INTO SKILL VALUES(1,'language')
COMMIT
INSERT INTO SKILL VALUES(2,'science')
COMMIT
INSERT INTO SKILL VALUES(3,'child care')
COMMIT
INSERT INTO SKILL VALUES(4,'old care')
COMMIT
INSERT INTO SKILL VALUES(5,'nursery')
COMMIT
INSERT INTO SKILL VALUES(6,'medical')
COMMIT
INSERT INTO SKILL VALUES(7,'music')
COMMIT
INSERT INTO SKILL VALUES(8,'paint')
COMMIT
INSERT INTO SKILL VALUES(9,'sport')
COMMIT
INSERT INTO SKILL VALUES(10,'repairing')
COMMIT
